09/28/2022 19:46 | Rhys_TestScene | 0h 0m 57s
09/28/2022 19:49 | Rhys_TestScene | 0h 0m 51s
09/28/2022 19:52 | Rhys_TestScene | 0h 0m 48s
09/28/2022 19:57 | Rhys_TestScene | 0h 0m 51s
09/28/2022 20:01 | Rhys_TestScene | 0h 0m 55s
10/05/2022 17:52 | Rhys_TestScene | 0h 0m 11s
10/05/2022 17:53 | Rhys_TestScene | 0h 0m 12s
10/05/2022 17:54 | Rhys_TestScene | 0h 0m 15s
10/05/2022 17:58 | Rhys_TestScene | 0h 3m 14s
10/10/2022 15:47 | Rhys_TestScene | 0h 6m 1s
10/10/2022 16:04 | Rhys_TestScene | 0h 0m 18s
10/10/2022 16:11 | Rhys_TestScene | 0h 6m 4s
10/10/2022 16:27 | Rhys_TestScene | 0h 4m 24s
10/10/2022 16:42 | Rhys_TestScene | 0h 7m 53s
10/10/2022 16:59 | Rhys_TestScene | 0h 6m 18s
10/10/2022 17:10 | Rhys_TestScene | 0h 6m 32s
10/10/2022 17:27 | Rhys_TestScene | 0h 6m 7s
10/10/2022 17:57 | Rhys_TestScene | 0h 13m 12s
10/10/2022 19:28 | Rhys_TestScene | 0h 10m 16s
10/10/2022 19:35 | Rhys_TestScene | 0h 1m 53s
10/11/2022 19:16 | Rhys_TestScene | 0h 16m 0s
10/12/2022 11:51 | Rhys_TestScene | 0h 20m 12s
10/12/2022 12:55 | Rhys_TestScene | 0h 18m 51s
10/12/2022 15:42 | Rhys_TestScene | 0h 45m 0s
10/12/2022 16:17 | Rhys_TestScene | 0h 21m 21s
10/20/2022 12:15 | Dickson_TestScene | 0h 1m 1s
10/20/2022 12:22 | Dickson_TestScene | 0h 1m 32s
10/20/2022 12:39 | Dickson_TestScene | 0h 1m 27s
10/20/2022 12:47 | Dickson_TestScene | 0h 1m 29s
10/20/2022 12:48 | Dickson_TestScene | 0h 0m 56s
10/20/2022 12:51 | Dickson_TestScene | 0h 0m 58s
10/20/2022 19:44 | Dickson_TestScene | 0h 1m 11s
10/20/2022 19:50 | Dickson_TestScene | 0h 1m 8s
10/20/2022 19:52 | Dickson_TestScene | 0h 1m 8s
10/20/2022 19:56 | Dickson_TestScene | 0h 1m 13s
10/20/2022 20:00 | Dickson_TestScene | 0h 1m 9s
10/20/2022 21:25 | Dickson_TestScene 1 | 0h 1m 9s
10/20/2022 21:28 | Dickson_TestScene 1 | 0h 1m 20s
10/20/2022 21:30 | Dickson_TestScene 1 | 0h 0m 59s
10/20/2022 21:33 | Dickson_TestScene 1 | 0h 1m 8s
10/20/2022 22:00 | Dickson_TestScene 1 | 0h 1m 10s
10/22/2022 17:25 | FirstTestScene 1 | 0h 26m 36s
10/22/2022 18:17 | FirstTestScene 1 | 0h 22m 41s
10/22/2022 18:22 | FirstTestScene 1 | 0h 3m 21s
10/22/2022 18:29 | FirstTestScene 1 | 0h 2m 51s
10/22/2022 18:40 | FirstTestScene 1 | 0h 2m 38s
10/22/2022 18:47 | FirstTestScene 1 | 0h 2m 40s
10/22/2022 21:58 | FirstTestScene 1 | 0h 14m 45s
10/24/2022 22:08 | FirstTestScene 1 | 0h 7m 3s
10/26/2022 00:20 | FirstTestScene 1 | 0h 7m 56s
10/27/2022 20:28 | FirstTestScene 1 | 0h 12m 12s
10/28/2022 12:59 | FirstTestScene 1 | 0h 9m 36s
10/30/2022 13:46 | Dreamscape_TeddyBear | 0h 0m 32s
10/30/2022 13:52 | Dreamscape_TeddyBear | 0h 0m 27s
10/30/2022 13:53 | Dreamscape_TeddyBear | 0h 0m 27s
10/30/2022 13:56 | Dreamscape_TeddyBear | 0h 0m 37s
10/30/2022 21:39 | Dreamscape_1 | 0h 4m 43s
11/02/2022 14:10 | Dreamscape_Whole | 0h 5m 2s
11/03/2022 14:32 | Dreamscape_Whole | 0h 10m 58s
11/03/2022 14:55 | Dreamscape_Whole | 0h 5m 5s
11/03/2022 15:02 | Dreamscape_Whole | 0h 3m 58s
11/04/2022 16:38 | Dreamscape_Whole | 0h 3m 34s
11/04/2022 16:42 | Dreamscape_Whole | 0h 3m 49s
11/05/2022 10:48 | Dreamscape_Whole | 0h 4m 37s
11/06/2022 13:36 | Dreamscape_Whole | 0h 13m 4s
11/07/2022 12:12 | Dreamscape_Whole | 0h 2m 4s
11/07/2022 12:14 | Dreamscape_Whole | 0h 0m 56s
11/09/2022 22:52 | Dreamscape_Whole | 0h 0m 6s
11/09/2022 23:00 | Dreamscape_Whole | 0h 7m 12s
11/09/2022 23:07 | Dreamscape_Whole | 0h 0m 6s
11/09/2022 23:08 | Dreamscape_Whole | 0h 0m 8s
11/09/2022 23:38 | Dreamscape_Whole | 0h 6m 53s
11/09/2022 23:50 | Dreamscape_Whole | 0h 2m 14s
11/10/2022 00:00 | Dreamscape_Whole | 0h 0m 18s
11/10/2022 01:06 | Dreamscape_Whole | 0h 6m 49s
11/10/2022 20:59 | Dreamscape_Whole | 0h 1m 56s
11/11/2022 20:50 | Dreamscape_Whole | 0h 2m 29s
11/13/2022 21:44 | Dreamscape_Whole | 0h 8m 59s
11/17/2022 14:39 | Dreamscape_Whole | 0h 3m 5s
11/19/2022 01:36 | Dreamscape_Whole | 0h 1m 47s
11/19/2022 05:18 | Dreamscape_Whole | 0h 1m 43s
11/19/2022 05:29 | Dreamscape_Whole | 0h 0m 55s
11/19/2022 06:30 | Rhys_RealWorld | 0h 39m 42s
11/22/2022 17:53 | Mindscape | 0h 1m 32s
11/22/2022 17:56 | Mindscape | 0h 1m 24s
11/22/2022 18:00 | Mindscape | 0h 1m 23s
11/22/2022 18:09 | Mindscape | 0h 1m 40s
11/22/2022 18:18 | Mindscape | 0h 2m 2s
11/22/2022 20:01 | Mindscape | 0h 1m 25s
11/22/2022 20:06 | Mindscape | 0h 1m 15s
11/22/2022 20:09 | Mindscape | 0h 1m 6s
11/23/2022 11:57 | Mindscape | 0h 1m 5s
11/23/2022 12:01 | Mindscape | 0h 1m 7s
11/23/2022 12:04 | Mindscape | 0h 1m 10s
11/23/2022 12:07 | Mindscape | 0h 1m 3s
11/23/2022 12:16 | Mindscape | 0h 1m 31s
11/23/2022 12:30 | Mindscape | 0h 1m 13s
11/23/2022 12:47 | Mindscape | 0h 1m 9s
11/23/2022 13:46 | Mindscape | 0h 0m 31s
11/23/2022 13:47 | Mindscape | 0h 1m 23s
11/23/2022 16:47 | Mindscape | 0h 2m 47s
11/23/2022 17:14 | Mindscape | 0h 4m 14s
11/24/2022 15:02 | Mindscape | 0h 6m 2s
11/29/2022 14:47 | Apartment | 0h 0m 47s
11/29/2022 14:49 | Apartment | 0h 0m 49s
11/29/2022 17:13 | Apartment | 0h 0m 49s
11/29/2022 17:16 | Apartment | 0h 0m 48s
11/30/2022 12:04 | Rhys_RealWorld | 0h 17m 11s
11/30/2022 16:52 | Rhys_RealWorld | 0h 13m 26s
11/30/2022 17:39 | Rhys_RealWorld | 0h 5m 47s
11/30/2022 17:57 | Rhys_RealWorld | 0h 5m 29s
12/01/2022 16:07 | Rhys_RealWorld | 0h 4m 10s
12/01/2022 16:56 | Rhys_RealWorld | 0h 5m 21s
12/01/2022 17:32 | Rhys_RealWorld | 0h 7m 24s
12/01/2022 17:54 | Rhys_RealWorld | 0h 5m 8s
